{"/Users/compels/Documents/Wilmar/git/react-native-criando-testes-para-sua-aplicacao/App.tsx": {"path":"/Users/compels/Documents/Wilmar/git/react-native-criando-testes-para-sua-aplicacao/App.tsx","statementMap":{"0":{"start":{"line":8,"column":2},"end":{"line":18,"column":4}},"1":{"start":{"line":21,"column":16},"end":{"line":28,"column":2}}},"fnMap":{"0":{"name":"App","decl":{"start":{"line":7,"column":24},"end":{"line":7,"column":27}},"loc":{"start":{"line":7,"column":30},"end":{"line":19,"column":1}},"line":7}},"branchMap":{"0":{"loc":{"start":{"line":13,"column":32},"end":{"line":13,"column":62}},"type":"cond-expr","locations":[{"start":{"line":13,"column":56},"end":{"line":13,"column":57}},{"start":{"line":13,"column":60},"end":{"line":13,"column":62}}],"line":13},"1":{"loc":{"start":{"line":14,"column":18},"end":{"line":14,"column":62}},"type":"cond-expr","locations":[{"start":{"line":14,"column":42},"end":{"line":14,"column":51}},{"start":{"line":14,"column":54},"end":{"line":14,"column":62}}],"line":14}},"s":{"0":0,"1":0},"f":{"0":0},"b":{"0":[0,0],"1":[0,0]}}
,"/Users/compels/Documents/Wilmar/git/react-native-criando-testes-para-sua-aplicacao/src/componentes/Cartao.tsx": {"path":"/Users/compels/Documents/Wilmar/git/react-native-criando-testes-para-sua-aplicacao/src/componentes/Cartao.tsx","statementMap":{"0":{"start":{"line":5,"column":2},"end":{"line":7,"column":15}},"1":{"start":{"line":10,"column":16},"end":{"line":26,"column":2}}},"fnMap":{"0":{"name":"Cartao","decl":{"start":{"line":4,"column":24},"end":{"line":4,"column":30}},"loc":{"start":{"line":4,"column":90},"end":{"line":8,"column":1}},"line":4}},"branchMap":{"0":{"loc":{"start":{"line":4,"column":50},"end":{"line":4,"column":67}},"type":"default-arg","locations":[{"start":{"line":4,"column":63},"end":{"line":4,"column":67}}],"line":4}},"s":{"0":0,"1":0},"f":{"0":0},"b":{"0":[0]}}
,"/Users/compels/Documents/Wilmar/git/react-native-criando-testes-para-sua-aplicacao/src/componentes/Icone.tsx": {"path":"/Users/compels/Documents/Wilmar/git/react-native-criando-testes-para-sua-aplicacao/src/componentes/Icone.tsx","statementMap":{"0":{"start":{"line":5,"column":18},"end":{"line":5,"column":36}},"1":{"start":{"line":7,"column":2},"end":{"line":9,"column":9}},"2":{"start":{"line":12,"column":22},"end":{"line":19,"column":2}},"3":{"start":{"line":12,"column":39},"end":{"line":19,"column":2}}},"fnMap":{"0":{"name":"Icone","decl":{"start":{"line":4,"column":24},"end":{"line":4,"column":29}},"loc":{"start":{"line":4,"column":60},"end":{"line":10,"column":1}},"line":4},"1":{"name":"(anonymous_1)","decl":{"start":{"line":12,"column":22},"end":{"line":12,"column":23}},"loc":{"start":{"line":12,"column":39},"end":{"line":19,"column":2}},"line":12}},"branchMap":{"0":{"loc":{"start":{"line":8,"column":24},"end":{"line":8,"column":42}},"type":"binary-expr","locations":[{"start":{"line":8,"column":24},"end":{"line":8,"column":28}},{"start":{"line":8,"column":32},"end":{"line":8,"column":42}}],"line":8},"1":{"loc":{"start":{"line":14,"column":21},"end":{"line":14,"column":37}},"type":"binary-expr","locations":[{"start":{"line":14,"column":21},"end":{"line":14,"column":24}},{"start":{"line":14,"column":28},"end":{"line":14,"column":37}}],"line":14}},"s":{"0":0,"1":0,"2":0,"3":0},"f":{"0":0,"1":0},"b":{"0":[0,0],"1":[0,0]}}
,"/Users/compels/Documents/Wilmar/git/react-native-criando-testes-para-sua-aplicacao/src/hooks/useLeilao.ts": {"path":"/Users/compels/Documents/Wilmar/git/react-native-criando-testes-para-sua-aplicacao/src/hooks/useLeilao.ts","statementMap":{"0":{"start":{"line":10,"column":30},"end":{"line":10,"column":50}},"1":{"start":{"line":12,"column":25},"end":{"line":16,"column":3}},"2":{"start":{"line":13,"column":29},"end":{"line":13,"column":50}},"3":{"start":{"line":14,"column":30},"end":{"line":14,"column":59}},"4":{"start":{"line":15,"column":4},"end":{"line":15,"column":66}},"5":{"start":{"line":18,"column":21},"end":{"line":42,"column":3}},"6":{"start":{"line":19,"column":31},"end":{"line":19,"column":66}},"7":{"start":{"line":20,"column":4},"end":{"line":22,"column":5}},"8":{"start":{"line":21,"column":6},"end":{"line":21,"column":32}},"9":{"start":{"line":24,"column":26},"end":{"line":24,"column":61}},"10":{"start":{"line":25,"column":24},"end":{"line":25,"column":58}},"11":{"start":{"line":26,"column":4},"end":{"line":28,"column":5}},"12":{"start":{"line":27,"column":6},"end":{"line":27,"column":25}},"13":{"start":{"line":30,"column":27},"end":{"line":33,"column":5}},"14":{"start":{"line":35,"column":23},"end":{"line":35,"column":58}},"15":{"start":{"line":36,"column":4},"end":{"line":39,"column":5}},"16":{"start":{"line":37,"column":6},"end":{"line":37,"column":29}},"17":{"start":{"line":38,"column":6},"end":{"line":38,"column":21}},"18":{"start":{"line":41,"column":4},"end":{"line":41,"column":23}},"19":{"start":{"line":44,"column":2},"end":{"line":46,"column":9}},"20":{"start":{"line":45,"column":4},"end":{"line":45,"column":21}},"21":{"start":{"line":48,"column":2},"end":{"line":48,"column":46}}},"fnMap":{"0":{"name":"useLeilao","decl":{"start":{"line":9,"column":24},"end":{"line":9,"column":33}},"loc":{"start":{"line":9,"column":112},"end":{"line":49,"column":1}},"line":9},"1":{"name":"(anonymous_1)","decl":{"start":{"line":12,"column":25},"end":{"line":12,"column":26}},"loc":{"start":{"line":12,"column":37},"end":{"line":16,"column":3}},"line":12},"2":{"name":"(anonymous_2)","decl":{"start":{"line":18,"column":21},"end":{"line":18,"column":22}},"loc":{"start":{"line":18,"column":46},"end":{"line":42,"column":3}},"line":18},"3":{"name":"(anonymous_3)","decl":{"start":{"line":44,"column":12},"end":{"line":44,"column":13}},"loc":{"start":{"line":44,"column":18},"end":{"line":46,"column":3}},"line":44}},"branchMap":{"0":{"loc":{"start":{"line":20,"column":4},"end":{"line":22,"column":5}},"type":"if","locations":[{"start":{"line":20,"column":4},"end":{"line":22,"column":5}},{"start":{},"end":{}}],"line":20},"1":{"loc":{"start":{"line":26,"column":4},"end":{"line":28,"column":5}},"type":"if","locations":[{"start":{"line":26,"column":4},"end":{"line":28,"column":5}},{"start":{},"end":{}}],"line":26},"2":{"loc":{"start":{"line":36,"column":4},"end":{"line":39,"column":5}},"type":"if","locations":[{"start":{"line":36,"column":4},"end":{"line":39,"column":5}},{"start":{},"end":{}}],"line":36}},"s":{"0":0,"1":0,"2":0,"3":0,"4":0,"5":0,"6":0,"7":0,"8":0,"9":0,"10":0,"11":0,"12":0,"13":0,"14":0,"15":0,"16":0,"17":0,"18":0,"19":0,"20":0,"21":0},"f":{"0":0,"1":0,"2":0,"3":0},"b":{"0":[0,0],"1":[0,0],"2":[0,0]}}
,"/Users/compels/Documents/Wilmar/git/react-native-criando-testes-para-sua-aplicacao/src/hooks/useListaLeiloes.ts": {"path":"/Users/compels/Documents/Wilmar/git/react-native-criando-testes-para-sua-aplicacao/src/hooks/useListaLeiloes.ts","statementMap":{"0":{"start":{"line":6,"column":32},"end":{"line":6,"column":59}},"1":{"start":{"line":8,"column":26},"end":{"line":11,"column":3}},"2":{"start":{"line":9,"column":31},"end":{"line":9,"column":51}},"3":{"start":{"line":10,"column":4},"end":{"line":10,"column":35}},"4":{"start":{"line":13,"column":2},"end":{"line":15,"column":9}},"5":{"start":{"line":14,"column":4},"end":{"line":14,"column":22}},"6":{"start":{"line":17,"column":2},"end":{"line":17,"column":36}}},"fnMap":{"0":{"name":"useListaLeiloes","decl":{"start":{"line":5,"column":24},"end":{"line":5,"column":39}},"loc":{"start":{"line":5,"column":78},"end":{"line":18,"column":1}},"line":5},"1":{"name":"(anonymous_1)","decl":{"start":{"line":8,"column":26},"end":{"line":8,"column":27}},"loc":{"start":{"line":8,"column":38},"end":{"line":11,"column":3}},"line":8},"2":{"name":"(anonymous_2)","decl":{"start":{"line":13,"column":12},"end":{"line":13,"column":13}},"loc":{"start":{"line":13,"column":18},"end":{"line":15,"column":3}},"line":13}},"branchMap":{},"s":{"0":0,"1":0,"2":0,"3":0,"4":0,"5":0,"6":0},"f":{"0":0,"1":0,"2":0},"b":{}}
,"/Users/compels/Documents/Wilmar/git/react-native-criando-testes-para-sua-aplicacao/src/interfaces/lance.ts": {"path":"/Users/compels/Documents/Wilmar/git/react-native-criando-testes-para-sua-aplicacao/src/interfaces/lance.ts","statementMap":{},"fnMap":{},"branchMap":{},"s":{},"f":{},"b":{}}
,"/Users/compels/Documents/Wilmar/git/react-native-criando-testes-para-sua-aplicacao/src/interfaces/leilao.ts": {"path":"/Users/compels/Documents/Wilmar/git/react-native-criando-testes-para-sua-aplicacao/src/interfaces/leilao.ts","statementMap":{},"fnMap":{},"branchMap":{},"s":{},"f":{},"b":{}}
,"/Users/compels/Documents/Wilmar/git/react-native-criando-testes-para-sua-aplicacao/src/negocio/constantes/estadosLance.ts": {"path":"/Users/compels/Documents/Wilmar/git/react-native-criando-testes-para-sua-aplicacao/src/negocio/constantes/estadosLance.ts","statementMap":{"0":{"start":{"line":1,"column":24},"end":{"line":1,"column":84}},"1":{"start":{"line":2,"column":41},"end":{"line":2,"column":85}},"2":{"start":{"line":3,"column":39},"end":{"line":3,"column":72}},"3":{"start":{"line":4,"column":22},"end":{"line":4,"column":36}},"4":{"start":{"line":5,"column":27},"end":{"line":5,"column":63}},"5":{"start":{"line":6,"column":23},"end":{"line":6,"column":50}}},"fnMap":{},"branchMap":{},"s":{"0":0,"1":0,"2":0,"3":0,"4":0,"5":0},"f":{},"b":{}}
,"/Users/compels/Documents/Wilmar/git/react-native-criando-testes-para-sua-aplicacao/src/negocio/formatadores/lance.ts": {"path":"/Users/compels/Documents/Wilmar/git/react-native-criando-testes-para-sua-aplicacao/src/negocio/formatadores/lance.ts","statementMap":{"0":{"start":{"line":4,"column":21},"end":{"line":7,"column":3}},"1":{"start":{"line":5,"column":22},"end":{"line":5,"column":63}},"2":{"start":{"line":8,"column":2},"end":{"line":8,"column":20}}},"fnMap":{"0":{"name":"formataMaiorLanceDoLeilao","decl":{"start":{"line":3,"column":16},"end":{"line":3,"column":41}},"loc":{"start":{"line":3,"column":86},"end":{"line":9,"column":1}},"line":3},"1":{"name":"(anonymous_1)","decl":{"start":{"line":5,"column":4},"end":{"line":5,"column":5}},"loc":{"start":{"line":5,"column":22},"end":{"line":5,"column":63}},"line":5}},"branchMap":{"0":{"loc":{"start":{"line":5,"column":22},"end":{"line":5,"column":63}},"type":"cond-expr","locations":[{"start":{"line":5,"column":44},"end":{"line":5,"column":55}},{"start":{"line":5,"column":58},"end":{"line":5,"column":63}}],"line":5}},"s":{"0":0,"1":0,"2":0},"f":{"0":0,"1":0},"b":{"0":[0,0]}}
,"/Users/compels/Documents/Wilmar/git/react-native-criando-testes-para-sua-aplicacao/src/negocio/formatadores/moeda.ts": {"path":"/Users/compels/Documents/Wilmar/git/react-native-criando-testes-para-sua-aplicacao/src/negocio/formatadores/moeda.ts","statementMap":{"0":{"start":{"line":2,"column":2},"end":{"line":5,"column":19}},"1":{"start":{"line":9,"column":28},"end":{"line":9,"column":68}},"2":{"start":{"line":10,"column":2},"end":{"line":10,"column":39}}},"fnMap":{"0":{"name":"formataDecimalParaReal","decl":{"start":{"line":1,"column":16},"end":{"line":1,"column":38}},"loc":{"start":{"line":1,"column":54},"end":{"line":6,"column":1}},"line":1},"1":{"name":"formataBrasileiroParaDecimal","decl":{"start":{"line":8,"column":16},"end":{"line":8,"column":44}},"loc":{"start":{"line":8,"column":60},"end":{"line":11,"column":1}},"line":8}},"branchMap":{},"s":{"0":1,"1":1,"2":1},"f":{"0":1,"1":1},"b":{},"_coverageSchema":"1a1c01bbd47fc00a2c39e90264f33305004495a9","hash":"b4bee57722d52d4514e9e4c2598d877dc1d29855"}
,"/Users/compels/Documents/Wilmar/git/react-native-criando-testes-para-sua-aplicacao/src/negocio/validadores/lance.ts": {"path":"/Users/compels/Documents/Wilmar/git/react-native-criando-testes-para-sua-aplicacao/src/negocio/validadores/lance.ts","statementMap":{"0":{"start":{"line":11,"column":2},"end":{"line":13,"column":3}},"1":{"start":{"line":12,"column":4},"end":{"line":12,"column":18}},"2":{"start":{"line":15,"column":2},"end":{"line":15,"column":18}},"3":{"start":{"line":19,"column":37},"end":{"line":19,"column":90}},"4":{"start":{"line":20,"column":30},"end":{"line":20,"column":70}},"5":{"start":{"line":22,"column":2},"end":{"line":24,"column":3}},"6":{"start":{"line":23,"column":4},"end":{"line":23,"column":31}},"7":{"start":{"line":26,"column":2},"end":{"line":28,"column":3}},"8":{"start":{"line":27,"column":4},"end":{"line":27,"column":38}},"9":{"start":{"line":30,"column":2},"end":{"line":30,"column":29}},"10":{"start":{"line":34,"column":2},"end":{"line":36,"column":3}},"11":{"start":{"line":35,"column":4},"end":{"line":35,"column":18}},"12":{"start":{"line":38,"column":2},"end":{"line":38,"column":33}},"13":{"start":{"line":42,"column":29},"end":{"line":42,"column":71}},"14":{"start":{"line":42,"column":50},"end":{"line":42,"column":70}},"15":{"start":{"line":43,"column":2},"end":{"line":45,"column":3}},"16":{"start":{"line":44,"column":4},"end":{"line":44,"column":18}},"17":{"start":{"line":47,"column":2},"end":{"line":47,"column":35}}},"fnMap":{"0":{"name":"validaFormatoNumericoDoLance","decl":{"start":{"line":10,"column":16},"end":{"line":10,"column":44}},"loc":{"start":{"line":10,"column":67},"end":{"line":16,"column":1}},"line":10},"1":{"name":"validaLance","decl":{"start":{"line":18,"column":16},"end":{"line":18,"column":27}},"loc":{"start":{"line":18,"column":77},"end":{"line":31,"column":1}},"line":18},"2":{"name":"validaLanceMaiorOuIgualAoInicial","decl":{"start":{"line":33,"column":9},"end":{"line":33,"column":41}},"loc":{"start":{"line":33,"column":79},"end":{"line":39,"column":1}},"line":33},"3":{"name":"validaLanceMaiorQueLances","decl":{"start":{"line":41,"column":9},"end":{"line":41,"column":34}},"loc":{"start":{"line":41,"column":72},"end":{"line":48,"column":1}},"line":41},"4":{"name":"(anonymous_4)","decl":{"start":{"line":42,"column":41},"end":{"line":42,"column":42}},"loc":{"start":{"line":42,"column":50},"end":{"line":42,"column":70}},"line":42}},"branchMap":{"0":{"loc":{"start":{"line":11,"column":2},"end":{"line":13,"column":3}},"type":"if","locations":[{"start":{"line":11,"column":2},"end":{"line":13,"column":3}},{"start":{},"end":{}}],"line":11},"1":{"loc":{"start":{"line":22,"column":2},"end":{"line":24,"column":3}},"type":"if","locations":[{"start":{"line":22,"column":2},"end":{"line":24,"column":3}},{"start":{},"end":{}}],"line":22},"2":{"loc":{"start":{"line":26,"column":2},"end":{"line":28,"column":3}},"type":"if","locations":[{"start":{"line":26,"column":2},"end":{"line":28,"column":3}},{"start":{},"end":{}}],"line":26},"3":{"loc":{"start":{"line":34,"column":2},"end":{"line":36,"column":3}},"type":"if","locations":[{"start":{"line":34,"column":2},"end":{"line":36,"column":3}},{"start":{},"end":{}}],"line":34},"4":{"loc":{"start":{"line":43,"column":2},"end":{"line":45,"column":3}},"type":"if","locations":[{"start":{"line":43,"column":2},"end":{"line":45,"column":3}},{"start":{},"end":{}}],"line":43}},"s":{"0":0,"1":0,"2":0,"3":0,"4":0,"5":0,"6":0,"7":0,"8":0,"9":0,"10":0,"11":0,"12":0,"13":0,"14":0,"15":0,"16":0,"17":0},"f":{"0":0,"1":0,"2":0,"3":0,"4":0},"b":{"0":[0,0],"1":[0,0],"2":[0,0],"3":[0,0],"4":[0,0]}}
,"/Users/compels/Documents/Wilmar/git/react-native-criando-testes-para-sua-aplicacao/src/repositorio/lance.ts": {"path":"/Users/compels/Documents/Wilmar/git/react-native-criando-testes-para-sua-aplicacao/src/repositorio/lance.ts","statementMap":{"0":{"start":{"line":5,"column":2},"end":{"line":10,"column":3}},"1":{"start":{"line":6,"column":21},"end":{"line":6,"column":91}},"2":{"start":{"line":7,"column":4},"end":{"line":7,"column":25}},"3":{"start":{"line":9,"column":4},"end":{"line":9,"column":14}},"4":{"start":{"line":14,"column":2},"end":{"line":19,"column":3}},"5":{"start":{"line":15,"column":4},"end":{"line":15,"column":44}},"6":{"start":{"line":16,"column":4},"end":{"line":16,"column":16}},"7":{"start":{"line":18,"column":4},"end":{"line":18,"column":17}}},"fnMap":{"0":{"name":"obtemLancesDoLeilao","decl":{"start":{"line":4,"column":22},"end":{"line":4,"column":41}},"loc":{"start":{"line":4,"column":54},"end":{"line":11,"column":1}},"line":4},"1":{"name":"adicionaLance","decl":{"start":{"line":13,"column":22},"end":{"line":13,"column":35}},"loc":{"start":{"line":13,"column":50},"end":{"line":20,"column":1}},"line":13}},"branchMap":{},"s":{"0":0,"1":0,"2":0,"3":0,"4":0,"5":0,"6":0,"7":0},"f":{"0":0,"1":0},"b":{}}
,"/Users/compels/Documents/Wilmar/git/react-native-criando-testes-para-sua-aplicacao/src/repositorio/leilao.ts": {"path":"/Users/compels/Documents/Wilmar/git/react-native-criando-testes-para-sua-aplicacao/src/repositorio/leilao.ts","statementMap":{"0":{"start":{"line":4,"column":2},"end":{"line":9,"column":3}},"1":{"start":{"line":5,"column":21},"end":{"line":5,"column":53}},"2":{"start":{"line":6,"column":4},"end":{"line":6,"column":25}},"3":{"start":{"line":8,"column":4},"end":{"line":8,"column":14}},"4":{"start":{"line":13,"column":2},"end":{"line":18,"column":3}},"5":{"start":{"line":14,"column":21},"end":{"line":14,"column":59}},"6":{"start":{"line":15,"column":4},"end":{"line":15,"column":25}},"7":{"start":{"line":17,"column":4},"end":{"line":17,"column":14}}},"fnMap":{"0":{"name":"obtemLeiloes","decl":{"start":{"line":3,"column":22},"end":{"line":3,"column":34}},"loc":{"start":{"line":3,"column":37},"end":{"line":10,"column":1}},"line":3},"1":{"name":"obtemLeilao","decl":{"start":{"line":12,"column":22},"end":{"line":12,"column":33}},"loc":{"start":{"line":12,"column":46},"end":{"line":19,"column":1}},"line":12}},"branchMap":{},"s":{"0":0,"1":0,"2":0,"3":0,"4":0,"5":0,"6":0,"7":0},"f":{"0":0,"1":0},"b":{}}
,"/Users/compels/Documents/Wilmar/git/react-native-criando-testes-para-sua-aplicacao/src/rotas/AppRotas.tsx": {"path":"/Users/compels/Documents/Wilmar/git/react-native-criando-testes-para-sua-aplicacao/src/rotas/AppRotas.tsx","statementMap":{"0":{"start":{"line":8,"column":14},"end":{"line":8,"column":42}},"1":{"start":{"line":11,"column":2},"end":{"line":27,"column":4}}},"fnMap":{"0":{"name":"AppRotas","decl":{"start":{"line":10,"column":24},"end":{"line":10,"column":32}},"loc":{"start":{"line":10,"column":35},"end":{"line":28,"column":1}},"line":10}},"branchMap":{},"s":{"0":0,"1":0},"f":{"0":0},"b":{}}
,"/Users/compels/Documents/Wilmar/git/react-native-criando-testes-para-sua-aplicacao/src/servicos/apiLeiloes.ts": {"path":"/Users/compels/Documents/Wilmar/git/react-native-criando-testes-para-sua-aplicacao/src/servicos/apiLeiloes.ts","statementMap":{"0":{"start":{"line":4,"column":17},"end":{"line":7,"column":2}}},"fnMap":{},"branchMap":{},"s":{"0":0},"f":{},"b":{}}
,"/Users/compels/Documents/Wilmar/git/react-native-criando-testes-para-sua-aplicacao/src/telas/Leilao/index.tsx": {"path":"/Users/compels/Documents/Wilmar/git/react-native-criando-testes-para-sua-aplicacao/src/telas/Leilao/index.tsx","statementMap":{"0":{"start":{"line":12,"column":16},"end":{"line":12,"column":26}},"1":{"start":{"line":13,"column":38},"end":{"line":13,"column":53}},"2":{"start":{"line":15,"column":21},"end":{"line":15,"column":36}},"3":{"start":{"line":16,"column":44},"end":{"line":16,"column":57}},"4":{"start":{"line":18,"column":20},"end":{"line":24,"column":3}},"5":{"start":{"line":19,"column":24},"end":{"line":19,"column":47}},"6":{"start":{"line":20,"column":4},"end":{"line":21,"column":29}},"7":{"start":{"line":21,"column":6},"end":{"line":21,"column":29}},"8":{"start":{"line":23,"column":4},"end":{"line":23,"column":23}},"9":{"start":{"line":26,"column":25},"end":{"line":30,"column":3}},"10":{"start":{"line":27,"column":4},"end":{"line":27,"column":24}},"11":{"start":{"line":28,"column":4},"end":{"line":28,"column":24}},"12":{"start":{"line":29,"column":4},"end":{"line":29,"column":25}},"13":{"start":{"line":32,"column":2},"end":{"line":34,"column":3}},"14":{"start":{"line":33,"column":4},"end":{"line":33,"column":19}},"15":{"start":{"line":36,"column":2},"end":{"line":47,"column":5}},"16":{"start":{"line":39,"column":32},"end":{"line":39,"column":52}},"17":{"start":{"line":40,"column":32},"end":{"line":40,"column":68}},"18":{"start":{"line":41,"column":33},"end":{"line":41,"column":53}},"19":{"start":{"line":50,"column":16},"end":{"line":56,"column":2}}},"fnMap":{"0":{"name":"Leilao","decl":{"start":{"line":11,"column":24},"end":{"line":11,"column":30}},"loc":{"start":{"line":11,"column":33},"end":{"line":48,"column":1}},"line":11},"1":{"name":"(anonymous_1)","decl":{"start":{"line":18,"column":20},"end":{"line":18,"column":21}},"loc":{"start":{"line":18,"column":45},"end":{"line":24,"column":3}},"line":18},"2":{"name":"(anonymous_2)","decl":{"start":{"line":26,"column":25},"end":{"line":26,"column":26}},"loc":{"start":{"line":26,"column":37},"end":{"line":30,"column":3}},"line":26},"3":{"name":"(anonymous_3)","decl":{"start":{"line":39,"column":20},"end":{"line":39,"column":21}},"loc":{"start":{"line":39,"column":32},"end":{"line":39,"column":52}},"line":39},"4":{"name":"(anonymous_4)","decl":{"start":{"line":40,"column":18},"end":{"line":40,"column":19}},"loc":{"start":{"line":40,"column":32},"end":{"line":40,"column":68}},"line":40},"5":{"name":"(anonymous_5)","decl":{"start":{"line":41,"column":27},"end":{"line":41,"column":28}},"loc":{"start":{"line":41,"column":33},"end":{"line":41,"column":53}},"line":41}},"branchMap":{"0":{"loc":{"start":{"line":20,"column":4},"end":{"line":21,"column":29}},"type":"if","locations":[{"start":{"line":20,"column":4},"end":{"line":21,"column":29}},{"start":{},"end":{}}],"line":20},"1":{"loc":{"start":{"line":32,"column":2},"end":{"line":34,"column":3}},"type":"if","locations":[{"start":{"line":32,"column":2},"end":{"line":34,"column":3}},{"start":{},"end":{}}],"line":32}},"s":{"0":0,"1":0,"2":0,"3":0,"4":0,"5":0,"6":0,"7":0,"8":0,"9":0,"10":0,"11":0,"12":0,"13":0,"14":0,"15":0,"16":0,"17":0,"18":0,"19":0},"f":{"0":0,"1":0,"2":0,"3":0,"4":0,"5":0},"b":{"0":[0,0],"1":[0,0]}}
,"/Users/compels/Documents/Wilmar/git/react-native-criando-testes-para-sua-aplicacao/src/telas/Leilao/componentes/EnviaLance.tsx": {"path":"/Users/compels/Documents/Wilmar/git/react-native-criando-testes-para-sua-aplicacao/src/telas/Leilao/componentes/EnviaLance.tsx","statementMap":{"0":{"start":{"line":8,"column":28},"end":{"line":8,"column":40}},"1":{"start":{"line":9,"column":26},"end":{"line":9,"column":38}},"2":{"start":{"line":10,"column":32},"end":{"line":10,"column":44}},"3":{"start":{"line":11,"column":34},"end":{"line":11,"column":49}},"4":{"start":{"line":13,"column":18},"end":{"line":13,"column":42}},"5":{"start":{"line":15,"column":22},"end":{"line":30,"column":3}},"6":{"start":{"line":16,"column":4},"end":{"line":16,"column":22}},"7":{"start":{"line":17,"column":4},"end":{"line":17,"column":16}},"8":{"start":{"line":18,"column":4},"end":{"line":18,"column":19}},"9":{"start":{"line":20,"column":24},"end":{"line":20,"column":47}},"10":{"start":{"line":22,"column":4},"end":{"line":27,"column":5}},"11":{"start":{"line":23,"column":6},"end":{"line":23,"column":19}},"12":{"start":{"line":24,"column":6},"end":{"line":24,"column":30}},"13":{"start":{"line":26,"column":6},"end":{"line":26,"column":27}},"14":{"start":{"line":29,"column":4},"end":{"line":29,"column":23}},"15":{"start":{"line":32,"column":2},"end":{"line":49,"column":13}},"16":{"start":{"line":52,"column":22},"end":{"line":101,"column":2}},"17":{"start":{"line":52,"column":53},"end":{"line":101,"column":2}}},"fnMap":{"0":{"name":"EnviaLance","decl":{"start":{"line":7,"column":24},"end":{"line":7,"column":34}},"loc":{"start":{"line":7,"column":61},"end":{"line":50,"column":1}},"line":7},"1":{"name":"(anonymous_1)","decl":{"start":{"line":15,"column":22},"end":{"line":15,"column":23}},"loc":{"start":{"line":15,"column":34},"end":{"line":30,"column":3}},"line":15},"2":{"name":"(anonymous_2)","decl":{"start":{"line":52,"column":22},"end":{"line":52,"column":23}},"loc":{"start":{"line":52,"column":53},"end":{"line":101,"column":2}},"line":52}},"branchMap":{"0":{"loc":{"start":{"line":22,"column":4},"end":{"line":27,"column":5}},"type":"if","locations":[{"start":{"line":22,"column":4},"end":{"line":27,"column":5}},{"start":{"line":25,"column":11},"end":{"line":27,"column":5}}],"line":22},"1":{"loc":{"start":{"line":32,"column":30},"end":{"line":32,"column":62}},"type":"cond-expr","locations":[{"start":{"line":32,"column":54},"end":{"line":32,"column":56}},{"start":{"line":32,"column":59},"end":{"line":32,"column":62}}],"line":32},"2":{"loc":{"start":{"line":33,"column":5},"end":{"line":33,"column":55}},"type":"binary-expr","locations":[{"start":{"line":33,"column":5},"end":{"line":33,"column":11}},{"start":{"line":33,"column":15},"end":{"line":33,"column":55}}],"line":33},"3":{"loc":{"start":{"line":34,"column":5},"end":{"line":34,"column":64}},"type":"binary-expr","locations":[{"start":{"line":34,"column":5},"end":{"line":34,"column":14}},{"start":{"line":34,"column":18},"end":{"line":34,"column":64}}],"line":34},"4":{"loc":{"start":{"line":84,"column":17},"end":{"line":84,"column":45}},"type":"cond-expr","locations":[{"start":{"line":84,"column":24},"end":{"line":84,"column":33}},{"start":{"line":84,"column":36},"end":{"line":84,"column":45}}],"line":84},"5":{"loc":{"start":{"line":85,"column":11},"end":{"line":85,"column":39}},"type":"cond-expr","locations":[{"start":{"line":85,"column":18},"end":{"line":85,"column":27}},{"start":{"line":85,"column":30},"end":{"line":85,"column":39}}],"line":85}},"s":{"0":0,"1":0,"2":0,"3":0,"4":0,"5":0,"6":0,"7":0,"8":0,"9":0,"10":0,"11":0,"12":0,"13":0,"14":0,"15":0,"16":0,"17":0},"f":{"0":0,"1":0,"2":0},"b":{"0":[0,0],"1":[0,0],"2":[0,0],"3":[0,0],"4":[0,0],"5":[0,0]}}
,"/Users/compels/Documents/Wilmar/git/react-native-criando-testes-para-sua-aplicacao/src/telas/Leilao/componentes/Lance.tsx": {"path":"/Users/compels/Documents/Wilmar/git/react-native-criando-testes-para-sua-aplicacao/src/telas/Leilao/componentes/Lance.tsx","statementMap":{"0":{"start":{"line":11,"column":2},"end":{"line":19,"column":11}},"1":{"start":{"line":23,"column":16},"end":{"line":48,"column":2}}},"fnMap":{"0":{"name":"Lance","decl":{"start":{"line":10,"column":24},"end":{"line":10,"column":29}},"loc":{"start":{"line":10,"column":62},"end":{"line":21,"column":1}},"line":10}},"branchMap":{},"s":{"0":0,"1":0},"f":{"0":0},"b":{}}
,"/Users/compels/Documents/Wilmar/git/react-native-criando-testes-para-sua-aplicacao/src/telas/Leilao/componentes/Topo.tsx": {"path":"/Users/compels/Documents/Wilmar/git/react-native-criando-testes-para-sua-aplicacao/src/telas/Leilao/componentes/Topo.tsx","statementMap":{"0":{"start":{"line":11,"column":21},"end":{"line":11,"column":68}},"1":{"start":{"line":13,"column":2},"end":{"line":30,"column":5}},"2":{"start":{"line":33,"column":16},"end":{"line":87,"column":2}}},"fnMap":{"0":{"name":"Topo","decl":{"start":{"line":10,"column":24},"end":{"line":10,"column":28}},"loc":{"start":{"line":10,"column":91},"end":{"line":31,"column":1}},"line":10}},"branchMap":{},"s":{"0":0,"1":0,"2":0},"f":{"0":0},"b":{}}
,"/Users/compels/Documents/Wilmar/git/react-native-criando-testes-para-sua-aplicacao/src/telas/ListaLeiloes/index.tsx": {"path":"/Users/compels/Documents/Wilmar/git/react-native-criando-testes-para-sua-aplicacao/src/telas/ListaLeiloes/index.tsx","statementMap":{"0":{"start":{"line":8,"column":34},"end":{"line":8,"column":51}},"1":{"start":{"line":9,"column":38},"end":{"line":9,"column":53}},"2":{"start":{"line":11,"column":24},"end":{"line":15,"column":3}},"3":{"start":{"line":12,"column":4},"end":{"line":12,"column":24}},"4":{"start":{"line":13,"column":4},"end":{"line":13,"column":25}},"5":{"start":{"line":14,"column":4},"end":{"line":14,"column":25}},"6":{"start":{"line":17,"column":2},"end":{"line":26,"column":4}},"7":{"start":{"line":20,"column":28},"end":{"line":20,"column":46}},"8":{"start":{"line":21,"column":32},"end":{"line":21,"column":52}},"9":{"start":{"line":29,"column":16},"end":{"line":33,"column":2}}},"fnMap":{"0":{"name":"ListaLeiloes","decl":{"start":{"line":7,"column":24},"end":{"line":7,"column":36}},"loc":{"start":{"line":7,"column":39},"end":{"line":27,"column":1}},"line":7},"1":{"name":"(anonymous_1)","decl":{"start":{"line":11,"column":24},"end":{"line":11,"column":25}},"loc":{"start":{"line":11,"column":36},"end":{"line":15,"column":3}},"line":11},"2":{"name":"(anonymous_2)","decl":{"start":{"line":20,"column":20},"end":{"line":20,"column":21}},"loc":{"start":{"line":20,"column":28},"end":{"line":20,"column":46}},"line":20},"3":{"name":"(anonymous_3)","decl":{"start":{"line":21,"column":18},"end":{"line":21,"column":19}},"loc":{"start":{"line":21,"column":32},"end":{"line":21,"column":52}},"line":21}},"branchMap":{},"s":{"0":0,"1":0,"2":0,"3":0,"4":0,"5":0,"6":0,"7":0,"8":0,"9":0},"f":{"0":0,"1":0,"2":0,"3":0},"b":{}}
,"/Users/compels/Documents/Wilmar/git/react-native-criando-testes-para-sua-aplicacao/src/telas/ListaLeiloes/componentes/Leilao.tsx": {"path":"/Users/compels/Documents/Wilmar/git/react-native-criando-testes-para-sua-aplicacao/src/telas/ListaLeiloes/componentes/Leilao.tsx","statementMap":{"0":{"start":{"line":12,"column":21},"end":{"line":12,"column":36}},"1":{"start":{"line":14,"column":2},"end":{"line":31,"column":4}},"2":{"start":{"line":16,"column":21},"end":{"line":16,"column":58}},"3":{"start":{"line":34,"column":16},"end":{"line":66,"column":2}}},"fnMap":{"0":{"name":"Leilao","decl":{"start":{"line":11,"column":24},"end":{"line":11,"column":30}},"loc":{"start":{"line":11,"column":84},"end":{"line":32,"column":1}},"line":11},"1":{"name":"(anonymous_1)","decl":{"start":{"line":16,"column":15},"end":{"line":16,"column":16}},"loc":{"start":{"line":16,"column":21},"end":{"line":16,"column":58}},"line":16}},"branchMap":{},"s":{"0":0,"1":0,"2":0,"3":0},"f":{"0":0,"1":0},"b":{}}
}
