TN:
SF:App.tsx
FN:7,App
FNF:1
FNH:0
FNDA:0,App
DA:8,0
DA:21,0
LF:2
LH:0
BRDA:13,0,0,0
BRDA:13,0,1,0
BRDA:14,1,0,0
BRDA:14,1,1,0
BRF:4
BRH:0
end_of_record
TN:
SF:src/componentes/Cartao.tsx
FN:4,Cartao
FNF:1
FNH:0
FNDA:0,Cartao
DA:5,0
DA:10,0
LF:2
LH:0
BRDA:4,0,0,0
BRF:1
BRH:0
end_of_record
TN:
SF:src/componentes/Icone.tsx
FN:4,Icone
FN:12,(anonymous_1)
FNF:2
FNH:0
FNDA:0,Icone
FNDA:0,(anonymous_1)
DA:5,0
DA:7,0
DA:12,0
LF:3
LH:0
BRDA:8,0,0,0
BRDA:8,0,1,0
BRDA:14,1,0,0
BRDA:14,1,1,0
BRF:4
BRH:0
end_of_record
TN:
SF:src/hooks/useLeilao.ts
FN:9,useLeilao
FN:12,(anonymous_1)
FN:18,(anonymous_2)
FN:44,(anonymous_3)
FNF:4
FNH:0
FNDA:0,useLeilao
FNDA:0,(anonymous_1)
FNDA:0,(anonymous_2)
FNDA:0,(anonymous_3)
DA:10,0
DA:12,0
DA:13,0
DA:14,0
DA:15,0
DA:18,0
DA:19,0
DA:20,0
DA:21,0
DA:24,0
DA:25,0
DA:26,0
DA:27,0
DA:30,0
DA:35,0
DA:36,0
DA:37,0
DA:38,0
DA:41,0
DA:44,0
DA:45,0
DA:48,0
LF:22
LH:0
BRDA:20,0,0,0
BRDA:20,0,1,0
BRDA:26,1,0,0
BRDA:26,1,1,0
BRDA:36,2,0,0
BRDA:36,2,1,0
BRF:6
BRH:0
end_of_record
TN:
SF:src/hooks/useListaLeiloes.ts
FN:5,useListaLeiloes
FN:8,(anonymous_1)
FN:13,(anonymous_2)
FNF:3
FNH:3
FNDA:2,useListaLeiloes
FNDA:1,(anonymous_1)
FNDA:1,(anonymous_2)
DA:6,2
DA:8,2
DA:9,1
DA:10,1
DA:13,2
DA:14,1
DA:17,2
LF:7
LH:7
BRF:0
BRH:0
end_of_record
TN:
SF:src/interfaces/lance.ts
FNF:0
FNH:0
LF:0
LH:0
BRF:0
BRH:0
end_of_record
TN:
SF:src/interfaces/leilao.ts
FNF:0
FNH:0
LF:0
LH:0
BRF:0
BRH:0
end_of_record
TN:
SF:src/negocio/constantes/estadosLance.ts
FNF:0
FNH:0
DA:1,0
DA:2,0
DA:3,0
DA:4,0
DA:5,0
DA:6,0
LF:6
LH:0
BRF:0
BRH:0
end_of_record
TN:
SF:src/negocio/formatadores/lance.ts
FN:3,formataMaiorLanceDoLeilao
FN:5,(anonymous_1)
FNF:2
FNH:0
FNDA:0,formataMaiorLanceDoLeilao
FNDA:0,(anonymous_1)
DA:4,0
DA:5,0
DA:8,0
LF:3
LH:0
BRDA:5,0,0,0
BRDA:5,0,1,0
BRF:2
BRH:0
end_of_record
TN:
SF:src/negocio/formatadores/moeda.ts
FN:1,formataDecimalParaReal
FN:8,formataBrasileiroParaDecimal
FNF:2
FNH:2
FNDA:1,formataDecimalParaReal
FNDA:1,formataBrasileiroParaDecimal
DA:2,1
DA:9,1
DA:10,1
LF:3
LH:3
BRF:0
BRH:0
end_of_record
TN:
SF:src/negocio/validadores/lance.ts
FN:10,validaFormatoNumericoDoLance
FN:18,validaLance
FN:33,validaLanceMaiorOuIgualAoInicial
FN:41,validaLanceMaiorQueLances
FN:42,(anonymous_4)
FNF:5
FNH:0
FNDA:0,validaFormatoNumericoDoLance
FNDA:0,validaLance
FNDA:0,validaLanceMaiorOuIgualAoInicial
FNDA:0,validaLanceMaiorQueLances
FNDA:0,(anonymous_4)
DA:11,0
DA:12,0
DA:15,0
DA:19,0
DA:20,0
DA:22,0
DA:23,0
DA:26,0
DA:27,0
DA:30,0
DA:34,0
DA:35,0
DA:38,0
DA:42,0
DA:43,0
DA:44,0
DA:47,0
LF:17
LH:0
BRDA:11,0,0,0
BRDA:11,0,1,0
BRDA:22,1,0,0
BRDA:22,1,1,0
BRDA:26,2,0,0
BRDA:26,2,1,0
BRDA:34,3,0,0
BRDA:34,3,1,0
BRDA:43,4,0,0
BRDA:43,4,1,0
BRF:10
BRH:0
end_of_record
TN:
SF:src/repositorio/lance.ts
FN:4,obtemLancesDoLeilao
FN:13,adicionaLance
FNF:2
FNH:0
FNDA:0,obtemLancesDoLeilao
FNDA:0,adicionaLance
DA:5,0
DA:6,0
DA:7,0
DA:9,0
DA:14,0
DA:15,0
DA:16,0
DA:18,0
LF:8
LH:0
BRF:0
BRH:0
end_of_record
TN:
SF:src/repositorio/leilao.ts
FN:3,obtemLeiloes
FN:12,obtemLeilao
FNF:2
FNH:1
FNDA:3,obtemLeiloes
FNDA:0,obtemLeilao
DA:4,3
DA:5,3
DA:6,2
DA:8,1
DA:13,0
DA:14,0
DA:15,0
DA:17,0
LF:8
LH:4
BRF:0
BRH:0
end_of_record
TN:
SF:src/rotas/AppRotas.tsx
FN:10,AppRotas
FNF:1
FNH:0
FNDA:0,AppRotas
DA:8,0
DA:11,0
LF:2
LH:0
BRF:0
BRH:0
end_of_record
TN:
SF:src/servicos/apiLeiloes.ts
FNF:0
FNH:0
DA:4,2
LF:1
LH:1
BRF:0
BRH:0
end_of_record
TN:
SF:src/telas/Leilao/index.tsx
FN:11,Leilao
FN:18,(anonymous_1)
FN:26,(anonymous_2)
FN:39,(anonymous_3)
FN:40,(anonymous_4)
FN:41,(anonymous_5)
FNF:6
FNH:0
FNDA:0,Leilao
FNDA:0,(anonymous_1)
FNDA:0,(anonymous_2)
FNDA:0,(anonymous_3)
FNDA:0,(anonymous_4)
FNDA:0,(anonymous_5)
DA:12,0
DA:13,0
DA:15,0
DA:16,0
DA:18,0
DA:19,0
DA:20,0
DA:21,0
DA:23,0
DA:26,0
DA:27,0
DA:28,0
DA:29,0
DA:32,0
DA:33,0
DA:36,0
DA:39,0
DA:40,0
DA:41,0
DA:50,0
LF:20
LH:0
BRDA:20,0,0,0
BRDA:20,0,1,0
BRDA:32,1,0,0
BRDA:32,1,1,0
BRF:4
BRH:0
end_of_record
TN:
SF:src/telas/Leilao/componentes/EnviaLance.tsx
FN:7,EnviaLance
FN:15,(anonymous_1)
FN:52,(anonymous_2)
FNF:3
FNH:0
FNDA:0,EnviaLance
FNDA:0,(anonymous_1)
FNDA:0,(anonymous_2)
DA:8,0
DA:9,0
DA:10,0
DA:11,0
DA:13,0
DA:15,0
DA:16,0
DA:17,0
DA:18,0
DA:20,0
DA:22,0
DA:23,0
DA:24,0
DA:26,0
DA:29,0
DA:32,0
DA:52,0
LF:17
LH:0
BRDA:22,0,0,0
BRDA:22,0,1,0
BRDA:32,1,0,0
BRDA:32,1,1,0
BRDA:33,2,0,0
BRDA:33,2,1,0
BRDA:34,3,0,0
BRDA:34,3,1,0
BRDA:84,4,0,0
BRDA:84,4,1,0
BRDA:85,5,0,0
BRDA:85,5,1,0
BRF:12
BRH:0
end_of_record
TN:
SF:src/telas/Leilao/componentes/Lance.tsx
FN:10,Lance
FNF:1
FNH:0
FNDA:0,Lance
DA:11,0
DA:23,0
LF:2
LH:0
BRF:0
BRH:0
end_of_record
TN:
SF:src/telas/Leilao/componentes/Topo.tsx
FN:10,Topo
FNF:1
FNH:0
FNDA:0,Topo
DA:11,0
DA:13,0
DA:33,0
LF:3
LH:0
BRF:0
BRH:0
end_of_record
TN:
SF:src/telas/ListaLeiloes/index.tsx
FN:7,ListaLeiloes
FN:11,(anonymous_1)
FN:20,(anonymous_2)
FN:21,(anonymous_3)
FNF:4
FNH:0
FNDA:0,ListaLeiloes
FNDA:0,(anonymous_1)
FNDA:0,(anonymous_2)
FNDA:0,(anonymous_3)
DA:8,0
DA:9,0
DA:11,0
DA:12,0
DA:13,0
DA:14,0
DA:17,0
DA:20,0
DA:21,0
DA:29,0
LF:10
LH:0
BRF:0
BRH:0
end_of_record
TN:
SF:src/telas/ListaLeiloes/componentes/Leilao.tsx
FN:11,Leilao
FN:16,(anonymous_1)
FNF:2
FNH:0
FNDA:0,Leilao
FNDA:0,(anonymous_1)
DA:12,0
DA:14,0
DA:16,0
DA:34,0
LF:4
LH:0
BRF:0
BRH:0
end_of_record
